<?xml version="1.0" encoding="UTF-8"?>
<robot generator="Robot 5.0 (Python 3.10.2 on win32)" generated="20220420 22:11:11.791" rpa="false" schemaversion="3">
<suite id="s1" name="Consulta Google" source="C:\Users\ricar\PycharmProjects\133PetsRobotFramework\consulta_google.robot">
<test id="s1-t1" name="Consulta Google" line="9">
<kw name="Acessar o Chrome na pagina &lt;https://www.google.com.br&gt;" sourcename="Acessar o ${browser} na pagina &lt;${url}&gt;">
<kw name="Open Browser" library="SeleniumLibrary">
<arg>${url}</arg>
<arg>${browser}</arg>
<doc>Opens a new browser instance to the optional ``url``.</doc>
<msg timestamp="20220420 22:11:12.027" level="INFO">Opening browser 'Chrome' to base url 'https://www.google.com.br'.</msg>
<msg timestamp="20220420 22:11:12.074" level="INFO">Cannot capture screenshot because no browser is open.</msg>
<msg timestamp="20220420 22:11:12.075" level="FAIL">WebDriverException: Message: 'chromedriver' executable needs to be in PATH. Please see https://chromedriver.chromium.org/home
</msg>
<status status="FAIL" starttime="20220420 22:11:12.027" endtime="20220420 22:11:12.078"/>
</kw>
<status status="FAIL" starttime="20220420 22:11:12.026" endtime="20220420 22:11:12.078"/>
</kw>
<kw name="Digitar na pesquisa &quot;Ovos de PÃ¡scoa&quot;" sourcename="Digitar na pesquisa ${palavra_chave}">
<status status="NOT RUN" starttime="20220420 22:11:12.079" endtime="20220420 22:11:12.079"/>
</kw>
<kw name="Validar que aparece no titulo da guia o resultado esperado">
<status status="NOT RUN" starttime="20220420 22:11:12.079" endtime="20220420 22:11:12.080"/>
</kw>
<kw name="Fechar o browser" sourcename="Fechar o ${browser}">
<status status="NOT RUN" starttime="20220420 22:11:12.080" endtime="20220420 22:11:12.080"/>
</kw>
<tag>smoketest</tag>
<status status="FAIL" starttime="20220420 22:11:12.025" endtime="20220420 22:11:12.081">WebDriverException: Message: 'chromedriver' executable needs to be in PATH. Please see https://chromedriver.chromium.org/home
</status>
</test>
<doc>Testes de consulta no buscador Google
Abre o navegador Chrome
E realiza a consulta.</doc>
<status status="FAIL" starttime="20220420 22:11:11.793" endtime="20220420 22:11:12.082"/>
</suite>
<statistics>
<total>
<stat pass="0" fail="1" skip="0">All Tests</stat>
</total>
<tag>
<stat pass="0" fail="1" skip="0">smoketest</stat>
</tag>
<suite>
<stat pass="0" fail="1" skip="0" id="s1" name="Consulta Google">Consulta Google</stat>
</suite>
</statistics>
<errors>
</errors>
</robot>
